<?xml version="1.0" encoding="UTF-8"?>
<testng-results ignored="0" total="6" passed="6" failed="0" skipped="0">
  <reporter-output>
  </reporter-output>
  <suite started-at="2021-08-31T18:42:46 IST" name="testng" finished-at="2021-08-31T18:42:46 IST" duration-ms="157">
    <groups>
    </groups>
    <test started-at="2021-08-31T18:42:46 IST" name="testngTest" finished-at="2021-08-31T18:42:46 IST" duration-ms="157">
      <class name="com.testng.NewTest01">
        <test-method signature="f(java.lang.String)[pri:0, instance:com.testng.NewTest01@6ac13091]" started-at="2021-08-31T18:42:46 IST" name="f" data-provider="names" finished-at="2021-08-31T18:42:46 IST" duration-ms="15" status="PASS">
          <params>
            <param index="0">
              <value>
                <![CDATA[India]]>
              </value>
            </param>
          </params>
          <reporter-output>
          </reporter-output>
        </test-method> <!-- f -->
        <test-method signature="f(java.lang.String)[pri:0, instance:com.testng.NewTest01@6ac13091]" started-at="2021-08-31T18:42:46 IST" name="f" data-provider="names" finished-at="2021-08-31T18:42:46 IST" duration-ms="4" status="PASS">
          <params>
            <param index="0">
              <value>
                <![CDATA[Russia]]>
              </value>
            </param>
          </params>
          <reporter-output>
          </reporter-output>
        </test-method> <!-- f -->
        <test-method signature="f(java.lang.String)[pri:0, instance:com.testng.NewTest01@6ac13091]" started-at="2021-08-31T18:42:46 IST" name="f" data-provider="names" finished-at="2021-08-31T18:42:46 IST" duration-ms="3" status="PASS">
          <params>
            <param index="0">
              <value>
                <![CDATA[USA]]>
              </value>
            </param>
          </params>
          <reporter-output>
          </reporter-output>
        </test-method> <!-- f -->
        <test-method signature="f(java.lang.String)[pri:0, instance:com.testng.NewTest01@6ac13091]" started-at="2021-08-31T18:42:46 IST" name="f" data-provider="names" finished-at="2021-08-31T18:42:46 IST" duration-ms="3" status="PASS">
          <params>
            <param index="0">
              <value>
                <![CDATA[UK]]>
              </value>
            </param>
          </params>
          <reporter-output>
          </reporter-output>
        </test-method> <!-- f -->
        <test-method signature="f(java.lang.String)[pri:0, instance:com.testng.NewTest01@6ac13091]" started-at="2021-08-31T18:42:46 IST" name="f" data-provider="names" finished-at="2021-08-31T18:42:46 IST" duration-ms="2" status="PASS">
          <params>
            <param index="0">
              <value>
                <![CDATA[France]]>
              </value>
            </param>
          </params>
          <reporter-output>
          </reporter-output>
        </test-method> <!-- f -->
        <test-method signature="g()[pri:0, instance:com.testng.NewTest01@6ac13091]" started-at="2021-08-31T18:42:46 IST" name="g" finished-at="2021-08-31T18:42:46 IST" duration-ms="5" status="PASS">
          <reporter-output>
          </reporter-output>
        </test-method> <!-- g -->
      </class> <!-- com.testng.NewTest01 -->
    </test> <!-- testngTest -->
  </suite> <!-- testng -->
</testng-results>
