<?xml version="1.0" encoding="UTF-8"?>
<!-- Generated by org.testng.reporters.JUnitXMLReporter -->
<testsuite ignored="0" hostname="DESKTOP-MJ3QLK2" failures="0" tests="6" name="testngTest" time="0.157" errors="0" timestamp="2021-08-31T18:42:46 IST">
  <testcase classname="com.testng.NewTest01" name="f" time="0.015"/>
  <testcase classname="com.testng.NewTest01" name="f" time="0.004"/>
  <testcase classname="com.testng.NewTest01" name="f" time="0.003"/>
  <testcase classname="com.testng.NewTest01" name="f" time="0.003"/>
  <testcase classname="com.testng.NewTest01" name="f" time="0.002"/>
  <testcase classname="com.testng.NewTest01" name="g" time="0.005"/>
</testsuite> <!-- testngTest -->
